./bin/spark-submit average_by_key_use_groupbykey.py

spark= <pyspark.sql.session.SparkSession object at 0x10afc2750>

list_of_tuples =  
[
 ('alex', 'Sunnyvale', 25), 
 ('alex', 'Sunnyvale', 33), 
 ('alex', 'Sunnyvale', 45), 
 ('alex', 'Sunnyvale', 63), 
 ('mary', 'Ames', 22), 
 ('mary', 'Cupertino', 66), 
 ('mary', 'Ames', 20), 
 ('bob', 'Ames', 26)
]

rdd =  ParallelCollectionRDD[0] at parallelize at PythonRDD.scala:175
rdd.count() =  8
rdd.collect() =  
[
 ('alex', 'Sunnyvale', 25), 
 ('alex', 'Sunnyvale', 33), 
 ('alex', 'Sunnyvale', 45), 
 ('alex', 'Sunnyvale', 63), 
 ('mary', 'Ames', 22), 
 ('mary', 'Cupertino', 66), 
 ('mary', 'Ames', 20), 
 ('bob', 'Ames', 26)
]

rdd2 =  PythonRDD[2] at RDD at PythonRDD.scala:48
rdd2.count() =  8
rdd2.collect() =  
[
 ('alex', 25), 
 ('alex', 33), 
 ('alex', 45), 
 ('alex', 63), 
 ('mary', 22), 
 ('mary', 66), 
 ('mary', 20), 
 ('bob', 26)
]

rdd3 =  PythonRDD[8] at RDD at PythonRDD.scala:48
rdd3.count() =  3
rdd3.collect() =  
[
 ('bob', <pyspark.resultiterable.ResultIterable object at 0x10afaad90>), 
 ('alex', <pyspark.resultiterable.ResultIterable object at 0x10afaae90>), 
 ('mary', <pyspark.resultiterable.ResultIterable object at 0x10afe9490>)
]
rdd3.mapValues().collect() =  
[
 ('bob', [26]), 
 ('alex', [25, 33, 45, 63]), 
 ('mary', [22, 66, 20])
]

averages =  PythonRDD[11] at RDD at PythonRDD.scala:48
averages.count() =  3
averages.collect() =  
[
 ('bob', 26.0), 
 ('alex', 41.5), 
 ('mary', 36.0)
]
