./bin/spark-submit rdd_transformation_combinebykey.py

spark= <pyspark.sql.session.SparkSession object at 0x105862610>

list_of_tuples =  
[
 ('alex', 'Sunnyvale', 25), 
 ('alex', 'Sunnyvale', 33), 
 ('alex', 'Sunnyvale', 45), 
 ('alex', 'Sunnyvale', 63), 
 ('mary', 'Ames', 22), 
 ('mary', 'Cupertino', 66), 
 ('mary', 'Ames', 20), 
 ('bob', 'Ames', 26)
]

rdd =  ParallelCollectionRDD[0] at parallelize at PythonRDD.scala:175
rdd.count() =  8
rdd.collect() =  
[
 ('alex', 'Sunnyvale', 25), 
 ('alex', 'Sunnyvale', 33), 
 ('alex', 'Sunnyvale', 45), 
 ('alex', 'Sunnyvale', 63), 
 ('mary', 'Ames', 22), 
 ('mary', 'Cupertino', 66), 
 ('mary', 'Ames', 20), 
 ('bob', 'Ames', 26)
]

rdd2 =  PythonRDD[2] at RDD at PythonRDD.scala:48
rdd2.count() =  8
rdd2.collect() =  
[
 ('alex', 25), 
 ('alex', 33), 
 ('alex', 45), 
 ('alex', 63), 
 ('mary', 22), 
 ('mary', 66), 
 ('mary', 20), 
 ('bob', 26)
]

combined =  PythonRDD[8] at RDD at PythonRDD.scala:48
combined.count() =  3
combined.collect() =  
[
 ('bob', (26, 26, 1)), 
 ('alex', (25, 63, 4)), 
 ('mary', (20, 66, 3))
]
