./bin/spark-submit word_count_driver_shorthand_sorted.py sample_file.txt

input_path: sample_file.txt

frequencies.count():  6
frequencies.collect():  
[
 (u'and', 1), 
 (u'high', 3), 
 (u'fox', 3), 
 (u'red', 2), 
 (u'fence', 1), 
 (u'jumped', 3)
]

sorted_by_key.count():  6
sorted_by_key.collect():  
[
 (u'and', 1), 
 (u'fence', 1), 
 (u'fox', 3), 
 (u'high', 3), 
 (u'jumped', 3), 
 (u'red', 2)
]

sorted_by_value.count():  6
sorted_by_value.collect():  
[
 (u'and', 1), 
 (u'fence', 1), 
 (u'red', 2), 
 (u'high', 3), 
 (u'fox', 3), 
 (u'jumped', 3)
]
