export GRAPH_FRAMES="graphframes:graphframes:0.5.0-spark2.1-s_2.11"
./bin/spark-submit --packages $GRAPH_FRAMES triangles_counter.py
Ivy Default Cache set to: /Users/mparsian/.ivy2/cache
The jars for the packages stored in: /Users/mparsian/.ivy2/jars
:: loading settings :: url = jar:file:/Users/mparsian/spark-2.4.3/jars/ivy-2.4.0.jar!/org/apache/ivy/core/settings/ivysettings.xml
graphframes#graphframes added as a dependency
:: resolving dependencies :: org.apache.spark#spark-submit-parent;1.0
	confs: [default]
	found graphframes#graphframes;0.5.0-spark2.1-s_2.11 in spark-packages
	found com.typesafe.scala-logging#scala-logging-api_2.11;2.1.2 in local-m2-cache
	found com.typesafe.scala-logging#scala-logging-slf4j_2.11;2.1.2 in local-m2-cache
	found org.scala-lang#scala-reflect;2.11.0 in local-m2-cache
	found org.slf4j#slf4j-api;1.7.7 in local-m2-cache
:: resolution report :: resolve 280ms :: artifacts dl 10ms
	:: modules in use:
	com.typesafe.scala-logging#scala-logging-api_2.11;2.1.2 from local-m2-cache in [default]
	com.typesafe.scala-logging#scala-logging-slf4j_2.11;2.1.2 from local-m2-cache in [default]
	graphframes#graphframes;0.5.0-spark2.1-s_2.11 from spark-packages in [default]
	org.scala-lang#scala-reflect;2.11.0 from local-m2-cache in [default]
	org.slf4j#slf4j-api;1.7.7 from local-m2-cache in [default]
	---------------------------------------------------------------------
	|                  |            modules            ||   artifacts   |
	|       conf       | number| search|dwnlded|evicted|| number|dwnlded|
	---------------------------------------------------------------------
	|      default     |   5   |   0   |   0   |   0   ||   5   |   0   |
	---------------------------------------------------------------------
:: retrieving :: org.apache.spark#spark-submit-parent
	confs: [default]
	0 artifacts copied, 5 already retrieved (0kB/6ms)

graph =  GraphFrame(
  v:[id: string, name: string ... 1 more field], 
  e:[src: string, dst: string ... 1 more field]
)

+---+-------+---+
| id|   name|age|
+---+-------+---+
|  a|  Alice| 34|
|  b|    Bob| 36|
|  c|Charlie| 30|
|  d|  David| 29|
|  e| Esther| 32|
|  f|  Fanny| 36|
|  g|  Gabby| 60|
+---+-------+---+

+---+---+------------+
|src|dst|relationship|
+---+---+------------+
|  a|  b|      friend|
|  b|  c|      follow|
|  c|  b|      follow|
|  f|  c|      follow|
|  e|  f|      follow|
|  e|  d|      friend|
|  d|  a|      friend|
|  a|  e|      friend|
+---+---+------------+

+-----+---+-------+---+
|count| id|   name|age|
+-----+---+-------+---+
|    0|  g|  Gabby| 60|
|    0|  f|  Fanny| 36|
|    1|  e| Esther| 32|
|    1|  d|  David| 29|
|    0|  c|Charlie| 30|
|    0|  b|    Bob| 36|
|    1|  a|  Alice| 34|
+-----+---+-------+---+

+---+-----+
| id|count|
+---+-----+
|  g|    0|
|  f|    0|
|  e|    1|
|  d|    1|
|  c|    0|
|  b|    0|
|  a|    1|
+---+-----+

