$ export GRAPH_FRAMES="graphframes:graphframes:0.5.0-spark2.1-s_2.11"
spark-submit --packages $GRAPH_FRAMES   unique_triangles_finder.py sample_graph_vertices.txt sample_graph_edges.txt
Ivy Default Cache set to: /Users/mparsian/.ivy2/cache
The jars for the packages stored in: /Users/mparsian/.ivy2/jars
:: loading settings :: url = jar:file:/Users/mparsian/spark-2.4.3/jars/ivy-2.4.0.jar!/org/apache/ivy/core/settings/ivysettings.xml
graphframes#graphframes added as a dependency
:: resolving dependencies :: org.apache.spark#spark-submit-parent;1.0
	confs: [default]
	found graphframes#graphframes;0.5.0-spark2.1-s_2.11 in spark-packages
	found com.typesafe.scala-logging#scala-logging-api_2.11;2.1.2 in local-m2-cache
	found com.typesafe.scala-logging#scala-logging-slf4j_2.11;2.1.2 in local-m2-cache
	found org.scala-lang#scala-reflect;2.11.0 in local-m2-cache
	found org.slf4j#slf4j-api;1.7.7 in local-m2-cache
:: resolution report :: resolve 275ms :: artifacts dl 6ms
	:: modules in use:
	com.typesafe.scala-logging#scala-logging-api_2.11;2.1.2 from local-m2-cache in [default]
	com.typesafe.scala-logging#scala-logging-slf4j_2.11;2.1.2 from local-m2-cache in [default]
	graphframes#graphframes;0.5.0-spark2.1-s_2.11 from spark-packages in [default]
	org.scala-lang#scala-reflect;2.11.0 from local-m2-cache in [default]
	org.slf4j#slf4j-api;1.7.7 from local-m2-cache in [default]
	---------------------------------------------------------------------
	|                  |            modules            ||   artifacts   |
	|       conf       | number| search|dwnlded|evicted|| number|dwnlded|
	---------------------------------------------------------------------
	|      default     |   5   |   0   |   0   |   0   ||   5   |   0   |
	---------------------------------------------------------------------
:: retrieving :: org.apache.spark#spark-submit-parent
	confs: [default]
	0 artifacts copied, 5 already retrieved (0kB/7ms)

vertices_path= sample_graph_vertices.txt
edges_path= sample_graph_edges.txt
+---+
| id|
+---+
|  0|
|  1|
|  2|
|  3|
|  4|
|  5|
|  6|
|  7|
|  8|
|  9|
| 10|
| 11|
| 12|
| 13|
| 14|
| 15|
| 16|
| 17|
| 18|
| 19|
+---+
only showing top 20 rows

+---+---+
|src|dst|
+---+---+
|  5| 15|
| 18|  8|
|  6|  1|
|  0| 10|
|  2|  4|
| 19|  7|
|  9|  7|
| 11|  9|
| 14|  9|
| 16| 11|
| 17|  8|
|  3|  4|
| 12| 15|
| 13|  2|
| 21|  0|
| 22|  4|
| 22|  8|
| 24|  4|
| 28|  7|
| 28| 13|
+---+---+
only showing top 20 rows

graph= GraphFrame(v:[id: string], e:[src: string, dst: string])
motifs= 
DataFrame[
 a: struct<id:string>, 
 b: struct<id:string>, 
 c: struct<id:string>
]

+----+----+----+
|a   |b   |c   |
+----+----+----+
|[5] |[15]|[31]|
|[18]|[8] |[22]|
|[17]|[8] |[22]|
|[22]|[8] |[17]|
|[22]|[8] |[18]|
|[28]|[7] |[39]|
|[31]|[15]|[5] |
|[32]|[30]|[42]|
|[39]|[7] |[28]|
|[39]|[28]|[7] |
|[42]|[32]|[30]|
|[5] |[31]|[15]|
|[30]|[42]|[32]|
|[17]|[22]|[8] |
|[18]|[22]|[8] |
|[50]|[51]|[52]|
|[51]|[52]|[50]|
|[50]|[52]|[51]|
|[71]|[72]|[73]|
|[71]|[73]|[72]|
+----+----+----+
only showing top 20 rows

unique_triangles= 
DataFrame[
 a: struct<id:string>, 
 b: struct<id:string>, 
 c: struct<id:string>
]

+----+----+----+
|a   |b   |c   |
+----+----+----+
|[42]|[32]|[30]|
|[5] |[31]|[15]|
|[8] |[22]|[18]|
|[8] |[22]|[17]|
|[7] |[39]|[28]|
|[52]|[51]|[50]|
|[73]|[72]|[71]|
+----+----+----+

