# define python3: find out where python3 is installed?
$ type python3
python3 is /usr/local/bin/python3
$ /usr/local/bin/python3 --version
Python 3.7.1
export PYSPARK_PYTHON=/usr/local/bin/python3
#
# define PySpark program
export PROG="/pyspark_book/code/chap01/compute_stats_with_threshold.py"
#
# define your input path
export INPUT="/pyspark_book/code/chap01/url_frequencies.txt"
#
# define your Spark home directory
export SPARK_HOME="/pyspark_book/spark-2.4.3"
#
# define the length threshold
export THRESHOLD_RECORD_LENGTH=5

# run the program
$SPARK_HOME/bin/spark-submit $PROG $INPUT $THRESHOLD_RECORD_LENGTH

inputPath :  /pyspark_book/code/chap01/url_frequencies.txt

THRESHOLD_RECORD_LENGTH : 5

results =  [
 ('url3', (21.857142857142858, 20, 18.97743020387263)), 
 ('url1', (6.8, 8, 4.324349662087931)), 
 ('url2', (6, 6.0, 3.265986323710904)),
 ('url4', (1.5, 1.5, 0.7071067811865476))
]
