./bin/spark-submit dataframe_creation_cvs_no_header.py emps_no_header.txt
input_path: emps_no_header.txt
df.collect()= 
[
 Row(_c0=u'1001', _c1=u'alex', _c2=u'67000', _c3=u'SALES'), 
 Row(_c0=u'1002', _c1=u'bob', _c2=u'24000', _c3=u'SALES'), 
 Row(_c0=u'1003', _c1=u'boby', _c2=u'24000', _c3=u'SALES'), 
 Row(_c0=u'1004', _c1=u'jane', _c2=u'69000', _c3=u'SOFTWARE'), 
 Row(_c0=u'1005', _c1=u'betty', _c2=u'55000', _c3=u'SOFTWARE'), 
 Row(_c0=u'1006', _c1=u'jeff', _c2=u'59000', _c3=u'SOFTWARE'), 
 Row(_c0=u'1007', _c1=u'dara', _c2=u'72000', _c3=u'SOFTWARE')
]
+----+-----+-----+--------+
| _c0|  _c1|  _c2|     _c3|
+----+-----+-----+--------+
|1001| alex|67000|   SALES|
|1002|  bob|24000|   SALES|
|1003| boby|24000|   SALES|
|1004| jane|69000|SOFTWARE|
|1005|betty|55000|SOFTWARE|
|1006| jeff|59000|SOFTWARE|
|1007| dara|72000|SOFTWARE|
+----+-----+-----+--------+

+----+-----+------+--------+
|  id| name|salary|    dept|
+----+-----+------+--------+
|1001| alex| 67000|   SALES|
|1002|  bob| 24000|   SALES|
|1003| boby| 24000|   SALES|
|1004| jane| 69000|SOFTWARE|
|1005|betty| 55000|SOFTWARE|
|1006| jeff| 59000|SOFTWARE|
|1007| dara| 72000|SOFTWARE|
+----+-----+------+--------+

root
 |-- id: string (nullable = true)
 |-- name: string (nullable = true)
 |-- salary: string (nullable = true)
 |-- dept: string (nullable = true)

df2= DataFrame[id: string, name: string, salary: string, dept: string]
+----+-----+------+--------+
|  id| name|salary|    dept|
+----+-----+------+--------+
|1003| boby| 24000|   SALES|
|1004| jane| 69000|SOFTWARE|
|1005|betty| 55000|SOFTWARE|
|1006| jeff| 59000|SOFTWARE|
|1007| dara| 72000|SOFTWARE|
+----+-----+------+--------+

+----+-----+------+--------+
|  id| name|salary|    dept|
+----+-----+------+--------+
|1002|  bob| 24000|   SALES|
|1003| boby| 24000|   SALES|
|1005|betty| 55000|SOFTWARE|
|1006| jeff| 59000|SOFTWARE|
+----+-----+------+--------+

df5= DataFrame[name: string, salary: string]
+-----+------+
| name|salary|
+-----+------+
| alex| 67000|
| jane| 69000|
|betty| 55000|
| jeff| 59000|
| dara| 72000|
+-----+------+

df6= DataFrame[name: string, salary: string]
+----+------+
|name|salary|
+----+------+
|jeff| 59000|
|alex| 67000|
|jane| 69000|
|dara| 72000|
+----+------+

df7= DataFrame[dept: string, count: bigint]
+--------+-----+
|    dept|count|
+--------+-----+
|   SALES|    3|
|SOFTWARE|    4|
+--------+-----+

