./bin/spark-submit dataframe_creation_aggregate_multiple_columns.py

df.show():
+----+------+-----+
|name|  food|price|
+----+------+-----+
|mary| lemon|  2.0|
|adam| grape| 1.22|
|adam|carrot| 2.44|
|adam|orange| 1.99|
|john|tomato| 1.99|
|john|carrot| 0.45|
|john|banana| 1.29|
|bill| apple| 0.99|
|bill|  taco| 2.59|
+----+------+-----+

+----+------------------------+------------------+
|name|food                    |price             |
+----+------------------------+------------------+
|adam|[grape, carrot, orange] |[1.22, 2.44, 1.99]|
|mary|[lemon]                 |[2.0]             |
|john|[tomato, carrot, banana]|[1.99, 0.45, 1.29]|
|bill|[apple, taco]           |[0.99, 2.59]      |
+----+------------------------+------------------+

+----+------------------------+------------------+------------------------+
|name|food                    |price             |x                       |
+----+------------------------+------------------+------------------------+
|adam|[grape, carrot, orange] |[1.22, 2.44, 1.99]|[grape, carrot, orange] |
|mary|[lemon]                 |[2.0]             |[lemon]                 |
|john|[tomato, carrot, banana]|[1.99, 0.45, 1.29]|[tomato, carrot, banana]|
|bill|[apple, taco]           |[0.99, 2.59]      |[apple, taco]           |
+----+------------------------+------------------+------------------------+

list_a= [1, 2, 3, 4]
list_b= [5, 6, 7, 8]
zip(list_a, list_b)= [(1, 5), (2, 6), (3, 7), (4, 8)]
zip(list_a, list_b)= [(1, 5), (2, 6), (3, 7), (4, 8)]
+----+------------------------+------------------+------------------------------------------------+
|name|food                    |price             |x                                               |
+----+------------------------+------------------+------------------------------------------------+
|adam|[grape, carrot, orange] |[1.22, 2.44, 1.99]|[[grape, 1.22], [carrot, 2.44], [orange, 1.99]] |
|mary|[lemon]                 |[2.0]             |[[lemon, 2.0]]                                  |
|john|[tomato, carrot, banana]|[1.99, 0.45, 1.29]|[[tomato, 1.99], [carrot, 0.45], [banana, 1.29]]|
|bill|[apple, taco]           |[0.99, 2.59]      |[[apple, 0.99], [taco, 2.59]]                   |
+----+------------------------+------------------+------------------------------------------------+

+----+------------------------------------------------+
|name|x                                               |
+----+------------------------------------------------+
|adam|[[grape, 1.22], [carrot, 2.44], [orange, 1.99]] |
|mary|[[lemon, 2.0]]                                  |
|john|[[tomato, 1.99], [carrot, 0.45], [banana, 1.29]]|
|bill|[[apple, 0.99], [taco, 2.59]]                   |
+----+------------------------------------------------+

