./bin/spark-submit dataframe_creation_aggregate_single_column.py

+----+------+-----+
|name|  food|price|
+----+------+-----+
|mary| lemon|  2.0|
|adam| grape| 1.22|
|adam|carrot| 2.44|
|adam|orange| 1.99|
|john|tomato| 1.99|
|john|carrot| 0.45|
|john|banana| 1.29|
|bill| apple| 0.99|
|bill|  taco| 2.59|
+----+------+-----+

+------------------+
|        sum(price)|
+------------------+
|14.959999999999999|
+------------------+

+-----------------+
|       avg(price)|
+-----------------+
|1.662222222222222|
+-----------------+

+----------+
|max(price)|
+----------+
|      2.59|
+----------+

+----------+
|min(price)|
+----------+
|      0.45|
+----------+

+----+------------------+
|name|        avg(price)|
+----+------------------+
|adam|1.8833333333333335|
|mary|               2.0|
|john|1.2433333333333334|
|bill|              1.79|
+----+------------------+

+----+----------+
|name|max(price)|
+----+----------+
|adam|      2.44|
|mary|       2.0|
|john|      1.99|
|bill|      2.59|
+----+----------+

+----+----------+
|name|min(price)|
+----+----------+
|adam|      1.22|
|mary|       2.0|
|john|      0.45|
|bill|      0.99|
+----+----------+
