./bin/spark-submit dataframe_creation_add_columns.py

data= [(100, 'a', 3.0), (300, 'b', 5.0)]

+---+---+---+
| x1| x2| x3|
+---+---+---+
|100|  a|3.0|
|300|  b|5.0|
+---+---+---+

+---+---+---+---+
| x1| x2| x3| x4|
+---+---+---+---+
|100|  a|3.0|  0|
|300|  b|5.0|  0|
+---+---+---+---+

+---+---+---+---+------------------+
| x1| x2| x3| x4|                x5|
+---+---+---+---+------------------+
|100|  a|3.0|  0|20.085536923187668|
|300|  b|5.0|  0| 148.4131591025766|
+---+---+---+---+------------------+

+---+---+---+---+------------------+----+
| x1| x2| x3| x4|                x5|  x6|
+---+---+---+---+------------------+----+
|100|  a|3.0|  0|20.085536923187668|foo1|
|100|  a|3.0|  0|20.085536923187668|foo2|
|300|  b|5.0|  0| 148.4131591025766|null|
+---+---+---+---+------------------+----+

+---+---+---+---+------------------+----+-------------------+
| x1| x2| x3| x4|                x5|  x6|                 x7|
+---+---+---+---+------------------+----+-------------------+
|100|  a|3.0|  0|20.085536923187668|foo1| 0.3524306367101987|
|100|  a|3.0|  0|20.085536923187668|foo2|0.15717856372460492|
|300|  b|5.0|  0| 148.4131591025766|null| 0.5864902621027508|
+---+---+---+---+------------------+----+-------------------+

+---+---+---+---+------------------+----+------------------+
| x1| x2| x3| x4|                x5|  x6|                x8|
+---+---+---+---+------------------+----+------------------+
|100|  a|3.0|  0|20.085536923187668|foo1|0.4457005079580144|
|100|  a|3.0|  0|20.085536923187668|foo2|0.2387729976797922|
|300|  b|5.0|  0| 148.4131591025766|null|0.7080620121849962|
+---+---+---+---+------------------+----+------------------+
