./bin/spark-submit dataframe_creation_order_by.py

data= [('A', 8), ('B', 3), ('A', 4), ('B', 2), ('Z', 7)]

+---+-----+
| id|value|
+---+-----+
|  A|    8|
|  B|    3|
|  A|    4|
|  B|    2|
|  Z|    7|
+---+-----+

+---+-----+
| id|value|
+---+-----+
|  A|    8|
|  A|    4|
|  B|    3|
|  B|    2|
|  Z|    7|
+---+-----+

+---+-----+
| id|value|
+---+-----+
|  Z|    7|
|  B|    3|
|  B|    2|
|  A|    8|
|  A|    4|
+---+-----+

+---+-----+
| id|value|
+---+-----+
|  B|    2|
|  B|    3|
|  A|    4|
|  Z|    7|
|  A|    8|
+---+-----+

+---+-----+
| id|value|
+---+-----+
|  A|    8|
|  Z|    7|
|  A|    4|
|  B|    3|
|  B|    2|
+---+-----+

+---+-----+
| id|value|
+---+-----+
|  A|    4|
|  A|    8|
|  B|    2|
|  B|    3|
|  Z|    7|
+---+-----+

+---+-----+
| id|value|
+---+-----+
|  A|    8|
|  A|    4|
|  B|    3|
|  B|    2|
|  Z|    7|
+---+-----+
