./bin/spark-submit dataframe_creation_from_collections.py
data= [('k1', 2), ('k1', 3), ('k1', 5), ('k2', 7), ('k2', 9), ('k3', 8)]

+---+---+
| _1| _2|
+---+---+
| k1|  2|
| k1|  3|
| k1|  5|
| k2|  7|
| k2|  9|
| k3|  8|
+---+---+

+------+--------+
|my_key|my_value|
+------+--------+
|    k1|       2|
|    k1|       3|
|    k1|       5|
|    k2|       7|
|    k2|       9|
|    k3|       8|
+------+--------+

+------+--------+
|my_key|my_value|
+------+--------+
|    k2|       7|
|    k2|       9|
|    k3|       8|
+------+--------+

+------+----+
|my_key|size|
+------+----+
|    k2|   2|
|    k1|   3|
|    k3|   1|
+------+----+
