./bin/spark-submit dataframe_drop_duplicates.py

data =  
[
 (100, 'a', 1.0), 
 (100, 'a', 1.0), 
 (200, 'b', 2.0), 
 (300, 'c', 3.0), 
 (300, 'c', 3.0), 
 (400, 'd', 4.0)
]

columns =  ('id', 'code', 'scale')

+---+----+-----+
| id|code|scale|
+---+----+-----+
|100|   a|  1.0|
|100|   a|  1.0|
|200|   b|  2.0|
|300|   c|  3.0|
|300|   c|  3.0|
|400|   d|  4.0|
+---+----+-----+

+---+----+-----+
| id|code|scale|
+---+----+-----+
|200|   b|  2.0|
|300|   c|  3.0|
|400|   d|  4.0|
|100|   a|  1.0|
+---+----+-----+
